2025-05-04 06:07:52,460 - __main__ - INFO - Initializing AdamAI...
2025-05-04 06:07:52,512 - core.knowledge.sacred_scanner - INFO - Initializing Quran database...
2025-05-04 06:07:52,513 - __main__ - CRITICAL - Initialization failed: 'QuranDatabase' object has no attribute 'store_translation'
2025-05-04 06:07:52,513 - __main__ - CRITICAL - System failure: 'QuranDatabase' object has no attribute 'store_translation'
2025-05-04 06:13:29,889 - __main__ - INFO - Initializing AdamAI...
2025-05-04 06:13:29,892 - core.knowledge.sacred_scanner - INFO - Populating Quran database...
2025-05-04 06:13:29,893 - core.knowledge.quran_db - ERROR - Error storing en.sahih: 'QuranDatabase' object has no attribute '_fetch_api_data'
2025-05-04 06:13:29,894 - __main__ - CRITICAL - Initialization failed: Failed to populate Quran database
2025-05-04 06:13:29,896 - __main__ - CRITICAL - System failure: Failed to populate Quran database
2025-05-04 06:19:29,018 - __main__ - INFO - Initializing AdamAI...
2025-05-04 06:19:29,051 - core.knowledge.sacred_scanner - INFO - Populating Quran database...
2025-05-04 06:19:29,507 - core.knowledge.quran_db - ERROR - Error storing en.sahih: table surahs has 4 columns but 5 values were supplied
2025-05-04 06:19:29,508 - __main__ - CRITICAL - Initialization failed: Failed to initialize Quran database
2025-05-04 06:19:29,509 - __main__ - CRITICAL - System failure: Failed to initialize Quran database
2025-05-04 06:27:43,863 - __main__ - INFO - Initializing AdamAI...
2025-05-04 06:27:43,866 - core.knowledge.sacred_scanner - INFO - Populating Quran database...
2025-05-04 06:27:44,327 - core.knowledge.quran_db - ERROR - Error storing en.sahih: table surahs has no column named revelation_type
2025-05-04 06:27:44,329 - __main__ - CRITICAL - Initialization failed: Failed to initialize Quran database
2025-05-04 06:27:44,329 - __main__ - CRITICAL - System failure: Failed to initialize Quran database
2025-05-04 06:39:47,136 - __main__ - INFO - Initializing AdamAI...
2025-05-04 06:39:47,137 - __main__ - CRITICAL - Initialization failed: 'QuranDatabase' object has no attribute 'is_populated'
2025-05-04 06:39:47,137 - __main__ - CRITICAL - System failure: 'QuranDatabase' object has no attribute 'is_populated'
2025-05-04 06:43:50,123 - __main__ - INFO - Initializing AdamAI...
2025-05-04 06:43:50,207 - core.knowledge.sacred_scanner - INFO - Populating Quran database...
2025-05-04 06:43:50,822 - __main__ - CRITICAL - Initialization failed: 'QuranDatabase' object has no attribute 'add_theme'
2025-05-04 06:43:50,823 - __main__ - CRITICAL - System failure: 'QuranDatabase' object has no attribute 'add_theme'
2025-05-04 06:49:01,359 - __main__ - INFO - Initializing AdamAI...
2025-05-04 06:49:01,447 - core.knowledge.sacred_scanner - INFO - Populating Quran database...
2025-05-04 06:49:02,018 - __main__ - CRITICAL - Initialization failed: EmotionalModel.__init__() takes 1 positional argument but 2 were given
2025-05-04 06:49:02,019 - __main__ - CRITICAL - System failure: EmotionalModel.__init__() takes 1 positional argument but 2 were given
2025-05-04 06:55:41,535 - __main__ - INFO - Initializing AdamAI...
2025-05-04 06:55:41,620 - core.knowledge.sacred_scanner - INFO - Populating Quran database...
2025-05-04 06:55:42,282 - __main__ - INFO - AdamAI initialization complete
2025-05-04 06:56:00,324 - __main__ - ERROR - Query failed: 'QuranDatabase' object has no attribute 'default_themes'
2025-05-04 06:56:23,921 - __main__ - ERROR - Query failed: 'QuranDatabase' object has no attribute 'default_themes'
2025-05-04 06:57:48,550 - __main__ - ERROR - Query failed: 'QuranDatabase' object has no attribute 'default_themes'
2025-05-04 07:00:36,646 - __main__ - INFO - Initializing AdamAI...
2025-05-04 07:00:36,738 - core.knowledge.sacred_scanner - INFO - Populating Quran database...
2025-05-04 07:00:37,313 - __main__ - INFO - AdamAI initialization complete
2025-05-04 07:02:23,037 - __main__ - ERROR - Query failed: 'EmotionalModel' object has no attribute 'generate_response'
2025-05-04 07:02:34,212 - __main__ - ERROR - Query failed: 'EmotionalModel' object has no attribute 'generate_response'
2025-05-04 07:02:44,811 - __main__ - ERROR - Query failed: 'EmotionalModel' object has no attribute 'generate_response'
2025-05-04 07:02:51,316 - __main__ - ERROR - Query failed: 'EmotionalModel' object has no attribute 'generate_response'
2025-05-04 07:02:57,657 - __main__ - ERROR - Query failed: 'EmotionalModel' object has no attribute 'generate_response'
2025-05-04 07:07:02,757 - __main__ - INFO - Initializing AdamAI...
2025-05-04 07:07:02,840 - core.knowledge.sacred_scanner - INFO - Populating Quran database...
2025-05-04 07:07:03,436 - __main__ - INFO - AdamAI initialization complete
2025-05-04 07:18:38,693 - __main__ - INFO - Initializing AdamAI...
2025-05-04 07:18:38,791 - core.knowledge.sacred_scanner - INFO - Populating Quran database...
2025-05-04 07:18:39,378 - __main__ - INFO - AdamAI initialization complete
2025-05-04 07:22:08,229 - __main__ - ERROR - Query failed: 'EmotionalModel' object has no attribute 'generate_response'
